-------------------------------------------------------------------------------
Test set: com.need.api.needapi.persistence.NeedFileDAOTest
-------------------------------------------------------------------------------
<<<<<<< HEAD
<<<<<<< HEAD
Tests run: 11, Failures: 0, Errors: 0, Skipped: 0, Time elapsed: 0.71 s - in com.need.api.needapi.persistence.NeedFileDAOTest
=======
Tests run: 11, Failures: 0, Errors: 0, Skipped: 0, Time elapsed: 0.62 s - in com.need.api.needapi.persistence.NeedFileDAOTest
>>>>>>> 578cef95afe2574dd04c4cc352dc2501cc621144
=======
<<<<<<< HEAD
Tests run: 11, Failures: 2, Errors: 0, Skipped: 0, Time elapsed: 0.581 s <<< FAILURE! - in com.need.api.needapi.persistence.NeedFileDAOTest
testUpdateNeedNotFound  Time elapsed: 0 s  <<< FAILURE!
=======
Tests run: 11, Failures: 2, Errors: 0, Skipped: 0, Time elapsed: 0.417 s <<< FAILURE! - in com.need.api.needapi.persistence.NeedFileDAOTest
testUpdateNeedNotFound  Time elapsed: 0.002 s  <<< FAILURE!
>>>>>>> 3f485c3bdd9be4519c5e3f8e51fa769ab17006aa
org.opentest4j.AssertionFailedError: expected: <null> but was: <Need [id=99, name=T-shirt, cost=10.990000, quantity=10, type=shirt]>
	at com.need.api.needapi.persistence.NeedFileDAOTest.testUpdateNeedNotFound(NeedFileDAOTest.java:175)

testFindNeeds  Time elapsed: 0 s  <<< FAILURE!
org.opentest4j.AssertionFailedError: expected: <0> but was: <2>
	at com.need.api.needapi.persistence.NeedFileDAOTest.testFindNeeds(NeedFileDAOTest.java:72)

>>>>>>> 0b395249e7ebdb698d62698157a3d2db2733951a
